<?xml version="1.0" encoding="UTF-8"?>
<!-- Generated by org.testng.reporters.JUnitReportReporter -->
<testsuite hostname="LAPTOP-KGTJAJKA" failures="0" tests="1" name="tests.TwoTest" time="6.611" errors="0" timestamp="2023-08-14T17:46:12 IST" skipped="0">
  <testcase classname="tests.TwoTest" name="twoTest" time="6.611"/>
</testsuite> <!-- tests.TwoTest -->
